c:\users\mark-\desktop\framework_25.12.2016\framework_parallax_mapping\debug\vc140.pdb
c:\users\mark-\desktop\framework_25.12.2016\framework_parallax_mapping\debug\vc140.idb
c:\users\mark-\desktop\framework_25.12.2016\framework_parallax_mapping\debug\gameobject.obj
c:\users\mark-\desktop\framework_25.12.2016\framework_parallax_mapping\debug\main.obj
c:\users\mark-\desktop\framework_25.12.2016\framework_parallax_mapping\debug\ddstextureloader.obj
c:\users\mark-\desktop\framework_25.12.2016\framework_parallax_mapping\debug\camera.obj
c:\users\mark-\desktop\framework_25.12.2016\framework_parallax_mapping\debug\application.obj
c:\users\mark-\desktop\framework_25.12.2016\framework_parallax_mapping\debug\parallaxmapping.cso
c:\users\mark-\desktop\framework_25.12.2016\framework_parallax_mapping\debug\normalmapping.cso
c:\users\mark-\desktop\framework_25.12.2016\framework_parallax_mapping\debug\rendertoquad.cso
c:\users\mark-\desktop\framework_25.12.2016\framework_parallax_mapping\debug\rendertotexture.cso
c:\users\mark-\desktop\framework_25.12.2016\framework_parallax_mapping\debug\standardparallaxmapping.cso
c:\users\mark-\desktop\framework_25.12.2016\framework_parallax_mapping\debug\dx11 framework.ilk
c:\users\mark-\desktop\framework_25.12.2016\framework_parallax_mapping\debug\dx11 framework.exe
c:\users\mark-\desktop\framework_25.12.2016\framework_parallax_mapping\debug\dx11 framework.pdb
c:\users\mark-\desktop\framework_25.12.2016\framework_parallax_mapping\debug\dx11 framework.res
c:\users\mark-\desktop\framework_25.12.2016\framework_parallax_mapping\debug\imgui.obj
c:\users\mark-\desktop\framework_25.12.2016\framework_parallax_mapping\debug\imgui_demo.obj
c:\users\mark-\desktop\framework_25.12.2016\framework_parallax_mapping\debug\imgui_draw.obj
c:\users\mark-\desktop\framework_25.12.2016\framework_parallax_mapping\debug\dx11 framework.tlog\cl.command.1.tlog
c:\users\mark-\desktop\framework_25.12.2016\framework_parallax_mapping\debug\dx11 framework.tlog\cl.read.1.tlog
c:\users\mark-\desktop\framework_25.12.2016\framework_parallax_mapping\debug\dx11 framework.tlog\cl.write.1.tlog
c:\users\mark-\desktop\framework_25.12.2016\framework_parallax_mapping\debug\dx11 framework.tlog\dx11 framework.write.1u.tlog
c:\users\mark-\desktop\framework_25.12.2016\framework_parallax_mapping\debug\dx11 framework.tlog\link.command.1.tlog
c:\users\mark-\desktop\framework_25.12.2016\framework_parallax_mapping\debug\dx11 framework.tlog\link.read.1.tlog
c:\users\mark-\desktop\framework_25.12.2016\framework_parallax_mapping\debug\dx11 framework.tlog\link.write.1.tlog
c:\users\mark-\desktop\framework_25.12.2016\framework_parallax_mapping\debug\dx11 framework.tlog\rc.command.1.tlog
c:\users\mark-\desktop\framework_25.12.2016\framework_parallax_mapping\debug\dx11 framework.tlog\rc.read.1.tlog
c:\users\mark-\desktop\framework_25.12.2016\framework_parallax_mapping\debug\dx11 framework.tlog\rc.write.1.tlog
